\BOOKMARK [0][-]{section*.1}{Resumen}{}% 1
\BOOKMARK [0][-]{chapter.1}{Introducci\363n general}{}% 2
\BOOKMARK [1][-]{section.1.1}{Secci\363n 1 del cap\355tulo 1}{chapter.1}% 3
\BOOKMARK [0][-]{chapter.2}{Marco de referencia}{}% 4
\BOOKMARK [1][-]{section.2.1}{Secci\363n 1 del cap\355tulo 2}{chapter.2}% 5
\BOOKMARK [0][-]{chapter.3}{Ejecuci\363n del plan de trabajo}{}% 6
\BOOKMARK [1][-]{section.3.1}{Secci\363n 1 del cap\355tulo 3}{chapter.3}% 7
\BOOKMARK [0][-]{chapter.4}{Resultados y conclusiones}{}% 8
\BOOKMARK [1][-]{section.4.1}{Secci\363n 1 del cap\355tulo 4}{chapter.4}% 9
\BOOKMARK [0][-]{chapter.5}{Vinculaci\363n del proyecto con las materias de la carrera}{}% 10
\BOOKMARK [1][-]{section.5.1}{Secci\363n 1 del cap\355tulo 5}{chapter.5}% 11
\BOOKMARK [0][-]{chapter.6}{Lecciones aprendidas y recomendaciones}{}% 12
\BOOKMARK [1][-]{section.6.1}{Secci\363n 1 del cap\355tulo 6}{chapter.6}% 13
\BOOKMARK [0][-]{appendix.Alph1}{Gu\355a r\341pida de LaTex}{}% 14
\BOOKMARK [1][-]{section.Alph1.1}{Ejemplos de utilizaci\363n}{appendix.Alph1}% 15
\BOOKMARK [2][-]{subsection.Alph1.1.1}{Ejemplo de inclusi\363n de figuras y pi\351 de p\341gina}{section.Alph1.1}% 16
\BOOKMARK [2][-]{subsection.Alph1.1.2}{Ejemplo de itemizado y referencia bibliogr\341ficas}{section.Alph1.1}% 17
\BOOKMARK [2][-]{subsection.Alph1.1.3}{Ejemplo de tablas}{section.Alph1.1}% 18
\BOOKMARK [2][-]{subsection.Alph1.1.4}{Ejemplo de lista numerada}{section.Alph1.1}% 19
\BOOKMARK [2][-]{subsection.Alph1.1.5}{Ejemplo de listado de c\363digo}{section.Alph1.1}% 20
\BOOKMARK [2][-]{subsection.Alph1.1.6}{Ejemplos de im\341genes m\372ltiples}{section.Alph1.1}% 21
\BOOKMARK [2][-]{subsection.Alph1.1.7}{Ejemplos de ecuaciones}{section.Alph1.1}% 22
\BOOKMARK [0][-]{appendix.Alph2}{Gu\355a detallada de LaTex}{}% 23
\BOOKMARK [1][-]{section.Alph2.1}{Aprendiendo LaTeX}{appendix.Alph2}% 24
\BOOKMARK [2][-]{subsection.Alph2.1.1}{Una introducci\363n \(no tan corta\) a LaTeX}{section.Alph2.1}% 25
\BOOKMARK [3][-]{section*.9}{Una subsubsecci\363n}{subsection.Alph2.1.1}% 26
\BOOKMARK [2][-]{subsection.Alph2.1.2}{Gu\355a matem\341tica r\341pida para LaTeX}{section.Alph2.1}% 27
\BOOKMARK [1][-]{section.Alph2.2}{Utilizando esta plantilla}{appendix.Alph2}% 28
\BOOKMARK [1][-]{section.Alph2.3}{Qu\351 incluye esta plantilla}{appendix.Alph2}% 29
\BOOKMARK [2][-]{subsection.Alph2.3.1}{Carpetas}{section.Alph2.3}% 30
\BOOKMARK [2][-]{subsection.Alph2.3.2}{Archivos}{section.Alph2.3}% 31
\BOOKMARK [1][-]{section.Alph2.4}{Entorno de trabajo}{appendix.Alph2}% 32
\BOOKMARK [2][-]{subsection.Alph2.4.1}{Paquetes adicionales}{section.Alph2.4}% 33
\BOOKMARK [2][-]{subsection.Alph2.4.2}{Configurando TexMaker}{section.Alph2.4}% 34
\BOOKMARK [1][-]{section.Alph2.5}{Personalizando la plantilla, el archivo pps.tex}{appendix.Alph2}% 35
\BOOKMARK [1][-]{section.Alph2.6}{El c\363digo del archivo pps.tex explicado}{appendix.Alph2}% 36
\BOOKMARK [1][-]{section.Alph2.7}{Bibliograf\355a}{appendix.Alph2}% 37
\BOOKMARK [0][-]{appendix*.12}{Bibliograf\355a}{}% 38
